#
# A fatal error has been detected by the Java Runtime Environment:
#
#  SIGBUS (0x7) at pc=0x00007fb02e85c040, pid=8188, tid=140396089902848
#
# JRE version: Java(TM) SE Runtime Environment (8.0-b132) (build 1.8.0-b132)
# Java VM: Java HotSpot(TM) 64-Bit Server VM (25.0-b70 mixed mode linux-amd64 compressed oops)
# Problematic frame:
# 
[error occurred during error reporting (printing problematic frame), id 0x7]

# Failed to write core dump. Core dumps have been disabled. To enable core dumping, try "ulimit -c unlimited" before starting Java again
#
# If you would like to submit a bug report, please visit:
#   http://bugreport.sun.com/bugreport/crash.jsp
# The crash happened outside the Java Virtual Machine in native code.
# See problematic frame for where to report the bug.
#

---------------  T H R E A D  ---------------

Current thread (0x00007fb07c00b000):  JavaThread "main" [_thread_in_native, id=8192, stack(0x00007fb083010000,0x00007fb083111000)]

siginfo:si_signo=SIGBUS: si_errno=0, si_code=2 (BUS_ADRERR), si_addr=0x00007fb02e85c040

Registers:
RAX=0x0000000000000000, RBX=0x000000000000000f, RCX=0x0000000000000001, RDX=0x0000000000000001
RSP=0x00007fb08310f6e8, RBP=0x00007fb08310f740, RSI=0x00007fb08310f728, RDI=0x00007fb07c00b1e0
R8 =0x0000000000000000, R9 =0x00007fb07cb80a50, R10=0x00007fb06d2d42ce, R11=0x0000000000000001
R12=0x0000000000000000, R13=0x000000008417e1b8, R14=0x00007fb08310f728, R15=0x00007fb07c00b000
RIP=0x00007fb02e85c040, EFLAGS=0x0000000000010246, CSGSFS=0x0000000000000033, ERR=0x0000000000000014
  TRAPNO=0x000000000000000e

Top of Stack: (sp=0x00007fb08310f6e8)
0x00007fb08310f6e8:   00007fb06d2d4348 00007fb02e3d4250
0x00007fb08310f6f8:   00007fb06d2f46f6 0000000000000000
0x00007fb08310f708:   0000000000000000 000000003f000000
0x00007fb08310f718:   000000003f000000 00007fb000000000
0x00007fb08310f728:   00000000841f91a8 00000000841f91a8
0x00007fb08310f738:   00007fb06d100e45 000000008417e1b8
0x00007fb08310f748:   00007fb06d4fd41c 000000008417e1b8
0x00007fb08310f758:   0000000088d64a40 00000000d945dba0
0x00007fb08310f768:   00000000d93959a0 00000000d93958e8
0x00007fb08310f778:   0000000100118f20 00000000841722b0
0x00007fb08310f788:   0000007d00000041 0000000088dd11a8
0x00007fb08310f798:   00007fb06d52c8d0 000000008417e1b8
0x00007fb08310f7a8:   000000008417e1b8 00000000d93959f8
0x00007fb08310f7b8:   000000010007ec40 842299200000f114
0x00007fb08310f7c8:   88dd11a800004505 0000000088dd11c8
0x00007fb08310f7d8:   00007fb06d007210 00007fb08310f850
0x00007fb08310f7e8:   00007fb06d0072e0 00007fb08310f850
0x00007fb08310f7f8:   00007fb06d0072e0 00007fb06d0072e0
0x00007fb08310f808:   000000008417e1b8 00007fb08310f810
0x00007fb08310f818:   00007fb057821724 00007fb08310f860
0x00007fb08310f828:   00007fb057823640 0000000000000000
0x00007fb08310f838:   00007fb057821750 00007fb08310f808
0x00007fb08310f848:   00007fb08310f860 00007fb08310f8a8
0x00007fb08310f858:   00007fb06d007325 000000008417e180
0x00007fb08310f868:   00007fb08310f868 00007fb05782127f
0x00007fb08310f878:   00007fb08310f8b8 00007fb057822688
0x00007fb08310f888:   0000000000000000 00007fb0578212a0
0x00007fb08310f898:   00007fb08310f860 00007fb08310f8b8
0x00007fb08310f8a8:   00007fb08310f900 00007fb06d0072e0
0x00007fb08310f8b8:   000000008417e180 00007fb08310f8c0
0x00007fb08310f8c8:   00007fb057821529 00007fb08310f918
0x00007fb08310f8d8:   00007fb057823640 0000000000000000 

Instructions: (pc=0x00007fb02e85c040)
0x00007fb02e85c020:   89 d7 89 ce 41 0f b6 d0 4c 89 c9 48 8b 44 24 08
0x00007fb02e85c030:   ff e0 66 66 66 66 66 2e 0f 1f 84 00 00 00 00 00
0x00007fb02e85c040:   89 d7 89 ce 41 0f b6 d0 4c 89 c9 48 8b 44 24 08
0x00007fb02e85c050:   ff e0 66 66 66 66 66 2e 0f 1f 84 00 00 00 00 00 

Register to memory mapping:

RAX=0x0000000000000000 is an unknown value
RBX=0x000000000000000f is an unknown value
RCX=0x0000000000000001 is an unknown value
RDX=0x0000000000000001 is an unknown value
RSP=0x00007fb08310f6e8 is pointing into the stack for thread: 0x00007fb07c00b000
RBP=0x00007fb08310f740 is pointing into the stack for thread: 0x00007fb07c00b000
RSI=0x00007fb08310f728 is pointing into the stack for thread: 0x00007fb07c00b000
RDI=0x00007fb07c00b1e0 is an unknown value
R8 =0x0000000000000000 is an unknown value
R9 =0x00007fb07cb80a50 is an unknown value
R10=0x00007fb06d2d42ce is at entry_point+78 in (nmethod*)0x00007fb06d2d4110
R11=0x0000000000000001 is an unknown value
R12=0x0000000000000000 is an unknown value
R13=0x000000008417e1b8 is an oop
delma.graph.visualisation.Renderer 
 - klass: 'delma/graph/visualisation/Renderer'
R14=0x00007fb08310f728 is pointing into the stack for thread: 0x00007fb07c00b000
R15=0x00007fb07c00b000 is a thread


Stack: [0x00007fb083010000,0x00007fb083111000],  sp=0x00007fb08310f6e8,  free space=1021k
Native frames: (J=compiled Java code, j=interpreted, Vv=VM code, C=native code)
