#
# A fatal error has been detected by the Java Runtime Environment:
#
#  SIGSEGV (0xb) at pc=0x00007fcddd710234, pid=10201, tid=140521673385728
#
# JRE version: Java(TM) SE Runtime Environment (8.0-b132) (build 1.8.0-b132)
# Java VM: Java HotSpot(TM) 64-Bit Server VM (25.0-b70 mixed mode linux-amd64 compressed oops)
# Problematic frame:
# V  [libjvm.so+0x82e234]  Method::checked_resolve_jmethod_id(_jmethodID*)+0x34
#
# Failed to write core dump. Core dumps have been disabled. To enable core dumping, try "ulimit -c unlimited" before starting Java again
#
# If you would like to submit a bug report, please visit:
#   http://bugreport.sun.com/bugreport/crash.jsp
#

---------------  T H R E A D  ---------------

Current thread (0x00007fcdd8122800):  JavaThread "*** Profiler Agent Communication Thread" daemon [_thread_in_vm, id=10214, stack(0x00007fcdc05ce000,0x00007fcdc06cf000)]

siginfo:si_signo=SIGSEGV: si_errno=0, si_code=1 (SEGV_MAPERR), si_addr=0x0000000000000013

Registers:
RAX=0x000000000000000b, RBX=0x00007fcdc34df828, RCX=0x00007fcdde7f82c0, RDX=0x00007fcdddddb140
RSP=0x00007fcdc06cd3c0, RBP=0x00007fcdc06cd3d0, RSI=0x00007fcdd8122800, RDI=0x00007fcdc34df828
R8 =0x00000000000005e8, R9 =0x00000000000011b6, R10=0x000000000001bb71, R11=0x00007fcd8c06d150
R12=0x00007fcdd8004520, R13=0x00007fcdd8122800, R14=0x0000000000000017, R15=0x00007fcdc06cd490
RIP=0x00007fcddd710234, EFLAGS=0x0000000000010202, CSGSFS=0x0000000000000033, ERR=0x0000000000000004
  TRAPNO=0x000000000000000e

Top of Stack: (sp=0x00007fcdc06cd3c0)
0x00007fcdc06cd3c0:   00007fcdd8004520 00007fcd88000f30
0x00007fcdc06cd3d0:   00007fcdc06cd440 00007fcddd5addee
0x00007fcdc06cd3e0:   00007fcd8c0775e0 00007fcdc06cd3f0
0x00007fcdc06cd3f0:   00007fcdd8122800 0000000000000000
0x00007fcdc06cd400:   00007fcd00000000 0000000000000000
0x00007fcdc06cd410:   0000000000000325 00007fcd88000f30
0x00007fcdc06cd420:   00007fcdddda72a0 00007fcdddda72a0
0x00007fcdc06cd430:   00000000000007e0 00000000000005e8
0x00007fcdc06cd440:   0000000000000026 00007fcddc49efd3
0x00007fcdc06cd450:   00007fcd8c06b1c0 00007fcdc06cd550
0x00007fcdc06cd460:   00007fcdd81229e0 00007fcd8c075230
0x00007fcdc06cd470:   00007fcd8c0775e0 0000000000000000
0x00007fcdc06cd480:   00007fcd8c051260 0000000000000000
0x00007fcdc06cd490:   00007fcd8c074358 00007fcdc32e5770
0x00007fcdc06cd4a0:   00007fcdc06cd530 0000000000000000
0x00007fcdc06cd4b0:   00007fcdc32e5770 00007fcdc06cd560
0x00007fcdc06cd4c0:   00007fcdd8122800 00007fcdc87d8d0e
0x00007fcdc06cd4d0:   00007fcdc06cd530 00007fcdc87d8a93
0x00007fcdc06cd4e0:   00007fcdd8122800 00007fcdc87d8a5c
0x00007fcdc06cd4f0:   00007fcdc06cd4f0 00007fcdc32e5770
0x00007fcdc06cd500:   00007fcdc06cd560 00007fcdc32e5a30
0x00007fcdc06cd510:   0000000000000000 00007fcdc32e5770
0x00007fcdc06cd520:   0000000000000000 00007fcdc06cd550
0x00007fcdc06cd530:   00007fcdc06cd5a8 00007fcdc87cb210
0x00007fcdc06cd540:   0000000084050938 00007fcdc87d2c1b
0x00007fcdc06cd550:   00000000d6b03f90 00000000d6b02000
0x00007fcdc06cd560:   00000000000007e0 00007fcdc06cd568
0x00007fcdc06cd570:   00007fcdc321e1ba 00007fcdc06cd5d8
0x00007fcdc06cd580:   00007fcdc32223d0 00007fcdc3542688
0x00007fcdc06cd590:   00007fcdc321e218 00007fcdc06cd550
0x00007fcdc06cd5a0:   00007fcdc06cd5e0 00007fcdc06cd8b8
0x00007fcdc06cd5b0:   00007fcdc8db991c 0000000000000000 

Instructions: (pc=0x00007fcddd710234)
0x00007fcddd710214:   83 c4 08 5b c9 c3 66 0f 1f 44 00 00 48 8b 1f 48
0x00007fcddd710224:   85 db 74 e6 48 83 fb 37 74 e0 48 8b 03 48 89 df
0x00007fcddd710234:   ff 50 08 84 c0 0f 1f 80 00 00 00 00 75 ce 66 0f
0x00007fcddd710244:   1f 44 00 00 eb c4 66 0f 1f 44 00 00 55 48 89 e5 

Register to memory mapping:

RAX=0x000000000000000b is an unknown value
RBX=0x00007fcdc34df828 is an unknown value
RCX=0x00007fcdde7f82c0: <offset 0x2182c0> in /lib/x86_64-linux-gnu/libpthread.so.0 at 0x00007fcdde5e0000
RDX=0x00007fcdddddb140: <offset 0xef9140> in /home/tktl-csfs/fs2/home/aopkarja/jdk1.8.0/jre/lib/amd64/server/libjvm.so at 0x00007fcddcee2000
RSP=0x00007fcdc06cd3c0 is pointing into the stack for thread: 0x00007fcdd8122800
RBP=0x00007fcdc06cd3d0 is pointing into the stack for thread: 0x00007fcdd8122800
RSI=0x00007fcdd8122800 is a thread
RDI=0x00007fcdc34df828 is an unknown value
R8 =0x00000000000005e8 is an unknown value
R9 =0x00000000000011b6 is an unknown value
R10=0x000000000001bb71 is an unknown value
R11=0x00007fcd8c06d150 is an unknown value
R12=0x00007fcdd8004520 is an unknown value
R13=0x00007fcdd8122800 is a thread
R14=0x0000000000000017 is an unknown value
R15=0x00007fcdc06cd490 is pointing into the stack for thread: 0x00007fcdd8122800


Stack: [0x00007fcdc05ce000,0x00007fcdc06cf000],  sp=0x00007fcdc06cd3c0,  free space=1020k
Native frames: (J=compiled Java code, j=interpreted, Vv=VM code, C=native code)
V  [libjvm.so+0x82e234]  Method::checked_resolve_jmethod_id(_jmethodID*)+0x34
V  [libjvm.so+0x6cbdee]  jvmti_GetMethodDeclaringClass+0x1fe

Java frames: (J=compiled Java code, j=interpreted, Vv=VM code)
j  org.netbeans.lib.profiler.server.system.Stacks.getMethodNamesForJMethodIds(I[I[I)[B+0
j  org.netbeans.lib.profiler.server.ProfilerInterface.getMethodNamesForJMethodIds([I)Lorg/netbeans/lib/profiler/wireprotocol/MethodNamesResponse;+18
J 2006 C1 org.netbeans.lib.profiler.server.ProfilerServer.handleClientCommand(Lorg/netbeans/lib/profiler/wireprotocol/Command;)V (1210 bytes) @ 0x00007fcdc8db991c [0x00007fcdc8db7e40+0x1adc]
j  org.netbeans.lib.profiler.server.ProfilerServer.listenToClient()V+48
j  org.netbeans.lib.profiler.server.ProfilerServer.run()V+22
v  ~StubRoutines::call_stub

---------------  P R O C E S S  ---------------

Java Threads: ( => current thread )
  0x00007fcdd8830000 JavaThread "*** Profiler Agent Special Execution Thread 7" [_thread_blocked, id=10305, stack(0x00007fcdb807d000,0x00007fcdb817e000)]
  0x00007fcdd800c000 JavaThread "DestroyJavaVM" [_thread_blocked, id=10205, stack(0x00007fcdde8d8000,0x00007fcdde9d9000)]
  0x00007fcdd897f000 JavaThread "process reaper" daemon [_thread_blocked, id=10303, stack(0x00007fcdc007c000,0x00007fcdc00b5000)]
  0x00007fcdd83d7000 JavaThread "AWT-XAWT" daemon [_thread_in_native, id=10231, stack(0x00007fcdb8cf6000,0x00007fcdb8df7000)]
  0x00007fcdd83c3000 JavaThread "Java2D Disposer" daemon [_thread_blocked, id=10229, stack(0x00007fcdb9207000,0x00007fcdb9308000)]
  0x00007fcdd81a8800 JavaThread "Service Thread" daemon [_thread_blocked, id=10227, stack(0x00007fcdc00b5000,0x00007fcdc01b6000)]
  0x00007fcd7c04e800 JavaThread "*** Profiler Agent Special Execution Thread 3" daemon [_thread_blocked, id=10226, stack(0x00007fcdbb0bd000,0x00007fcdbb1be000)]
  0x00007fcdd81a1800 JavaThread "C1 CompilerThread2" daemon [_thread_blocked, id=10225, stack(0x00007fcdbb7be000,0x00007fcdbb8bf000)]
  0x00007fcdd819f800 JavaThread "C2 CompilerThread1" daemon [_thread_blocked, id=10224, stack(0x00007fcdbb8bf000,0x00007fcdbb9c0000)]
  0x00007fcdd819e000 JavaThread "C2 CompilerThread0" daemon [_thread_blocked, id=10223, stack(0x00007fcdbb9c0000,0x00007fcdbbac1000)]
  0x00007fcdd8131000 JavaThread "*** Profiler Agent Special Execution Thread 6" daemon [_thread_blocked, id=10217, stack(0x00007fcdc01b6000,0x00007fcdc02b7000)]
  0x00007fcdd812f000 JavaThread "*** JFluid Monitor thread ***" daemon [_thread_blocked, id=10216, stack(0x00007fcdc02b7000,0x00007fcdc03b8000)]
=>0x00007fcdd8122800 JavaThread "*** Profiler Agent Communication Thread" daemon [_thread_in_vm, id=10214, stack(0x00007fcdc05ce000,0x00007fcdc06cf000)]
  0x00007fcdd80b1000 JavaThread "Signal Dispatcher" daemon [_thread_blocked, id=10213, stack(0x00007fcdc06cf000,0x00007fcdc07d0000)]
  0x00007fcdd807f800 JavaThread "Finalizer" daemon [_thread_blocked, id=10212, stack(0x00007fcdc1a46000,0x00007fcdc1b47000)]
  0x00007fcdd807b800 JavaThread "Reference Handler" daemon [_thread_blocked, id=10211, stack(0x00007fcdc1b47000,0x00007fcdc1c48000)]

Other Threads:
  0x00007fcdd8075800 VMThread [stack: 0x00007fcdc1c48000,0x00007fcdc1d49000] [id=10210]
  0x00007fcdd81aa800 WatcherThread [stack: 0x00007fcdbafbc000,0x00007fcdbb0bd000] [id=10228]

VM state:synchronizing (normal execution)

VM Mutex/Monitor currently owned by a thread:  ([mutex/lock_event])
[0x00007fcdd8007f70] Threads_lock - owner thread: 0x00007fcdd8075800

Heap:
 PSYoungGen      total 411648K, used 39K [0x00000000d6b00000, 0x00000000f4880000, 0x0000000100000000)
  eden space 371200K, 0% used [0x00000000d6b00000,0x00000000d6b09e20,0x00000000ed580000)
  from space 40448K, 0% used [0x00000000ed580000,0x00000000ed580000,0x00000000efd00000)
  to   space 39424K, 0% used [0x00000000f2200000,0x00000000f2200000,0x00000000f4880000)
 ParOldGen       total 40448K, used 25139K [0x0000000084000000, 0x0000000086780000, 0x00000000d6b00000)
  object space 40448K, 62% used [0x0000000084000000,0x000000008588cc70,0x0000000086780000)
 Metaspace       used 22764K, capacity 23232K, committed 23296K, reserved 1071104K
  class space    used 1700K, capacity 1778K, committed 1792K, reserved 1048576K

Card table byte_map: [0x00007fcdc8023000,0x00007fcdc8404000] byte_map_base: 0x00007fcdc7c03000

Marking Bits: (ParMarkBitMap*) 0x00007fcdddddac20
 Begin Bits: [0x00007fcdc3b89000, 0x00007fcdc5a89000)
 End Bits:   [0x00007fcdc5a89000, 0x00007fcdc7989000)

Polling page: 0x00007fcddea1c000

CodeCache: size=245760Kb used=6310Kb max_used=6324Kb free=239449Kb
 bounds [0x00007fcdc87c4000, 0x00007fcdc8e04000, 0x00007fcdd77c4000]
 total_blobs=2635 nmethods=2053 adapters=496
 compilation: enabled

Compilation events (10 events):
Event: 171.997 Thread 0x00007fcdd81a1800 2051   !   3       org.netbeans.lib.profiler.server.ProfilerInterface::redefineClasses (129 bytes)
Event: 171.998 Thread 0x00007fcdd81a1800 nmethod 2051 0x00007fcdc8dee690 code [0x00007fcdc8dee8c0, 0x00007fcdc8def968]
Event: 172.010 Thread 0x00007fcdd81a1800 2052  s    3       java.util.Hashtable::containsKey (65 bytes)
Event: 172.011 Thread 0x00007fcdd81a1800 nmethod 2052 0x00007fcdc8df0090 code [0x00007fcdc8df0220, 0x00007fcdc8df0838]
Event: 172.011 Thread 0x00007fcdd81a1800 2053       3       java.util.logging.LogManager$LoggerContext::ensureDefaultLogger (78 bytes)
Event: 172.011 Thread 0x00007fcdd81a1800 nmethod 2053 0x00007fcdc8df0a90 code [0x00007fcdc8df0c40, 0x00007fcdc8df1388]
Event: 172.410 Thread 0x00007fcdd81a1800 2054 % !   3       java.lang.ref.Reference$ReferenceHandler::run @ 0 (102 bytes)
Event: 172.411 Thread 0x00007fcdd81a1800 nmethod 2054% 0x00007fcdc8df15d0 code [0x00007fcdc8df17e0, 0x00007fcdc8df2468]
Event: 172.419 Thread 0x00007fcdd819e000 2055 % !   4       java.lang.ref.Reference$ReferenceHandler::run @ 0 (102 bytes)
Event: 172.426 Thread 0x00007fcdd819e000 nmethod 2055% 0x00007fcdc8df6090 code [0x00007fcdc8df6240, 0x00007fcdc8df6d28]

GC Heap History (10 events):
Event: 160.074 GC heap before
{Heap before GC invocations=101 (full 7):
 PSYoungGen      total 340992K, used 335920K [0x00000000d6b00000, 0x00000000efa80000, 0x0000000100000000)
  eden space 307712K, 100% used [0x00000000d6b00000,0x00000000e9780000,0x00000000e9780000)
  from space 33280K, 84% used [0x00000000e9780000,0x00000000eb30c010,0x00000000eb800000)
  to   space 34816K, 0% used [0x00000000ed880000,0x00000000ed880000,0x00000000efa80000)
 ParOldGen       total 64512K, used 39411K [0x0000000084000000, 0x0000000087f00000, 0x00000000d6b00000)
  object space 64512K, 61% used [0x0000000084000000,0x000000008667cda8,0x0000000087f00000)
 Metaspace       used 22752K, capacity 23102K, committed 23296K, reserved 1071104K
  class space    used 1700K, capacity 1777K, committed 1792K, reserved 1048576K
Event: 160.196 GC heap after
Heap after GC invocations=101 (full 7):
 PSYoungGen      total 372736K, used 28272K [0x00000000d6b00000, 0x00000000efe00000, 0x0000000100000000)
  eden space 337920K, 0% used [0x00000000d6b00000,0x00000000d6b00000,0x00000000eb500000)
  from space 34816K, 81% used [0x00000000ed880000,0x00000000ef41c010,0x00000000efa80000)
  to   space 36352K, 0% used [0x00000000eb500000,0x00000000eb500000,0x00000000ed880000)
 ParOldGen       total 64512K, used 39427K [0x0000000084000000, 0x0000000087f00000, 0x00000000d6b00000)
  object space 64512K, 61% used [0x0000000084000000,0x0000000086680da8,0x0000000087f00000)
 Metaspace       used 22752K, capacity 23102K, committed 23296K, reserved 1071104K
  class space    used 1700K, capacity 1777K, committed 1792K, reserved 1048576K
}
Event: 164.650 GC heap before
{Heap before GC invocations=102 (full 7):
 PSYoungGen      total 372736K, used 366192K [0x00000000d6b00000, 0x00000000efe00000, 0x0000000100000000)
  eden space 337920K, 100% used [0x00000000d6b00000,0x00000000eb500000,0x00000000eb500000)
  from space 34816K, 81% used [0x00000000ed880000,0x00000000ef41c010,0x00000000efa80000)
  to   space 36352K, 0% used [0x00000000eb500000,0x00000000eb500000,0x00000000ed880000)
 ParOldGen       total 64512K, used 39427K [0x0000000084000000, 0x0000000087f00000, 0x00000000d6b00000)
  object space 64512K, 61% used [0x0000000084000000,0x0000000086680da8,0x0000000087f00000)
 Metaspace       used 22752K, capacity 23102K, committed 23296K, reserved 1071104K
  class space    used 1700K, capacity 1777K, committed 1792K, reserved 1048576K
Event: 164.787 GC heap after
Heap after GC invocations=102 (full 7):
 PSYoungGen      total 374272K, used 31552K [0x00000000d6b00000, 0x00000000f2280000, 0x0000000100000000)
  eden space 337920K, 0% used [0x00000000d6b00000,0x00000000d6b00000,0x00000000eb500000)
  from space 36352K, 86% used [0x00000000eb500000,0x00000000ed3d0030,0x00000000ed880000)
  to   space 38400K, 0% used [0x00000000efd00000,0x00000000efd00000,0x00000000f2280000)
 ParOldGen       total 64512K, used 39427K [0x0000000084000000, 0x0000000087f00000, 0x00000000d6b00000)
  object space 64512K, 61% used [0x0000000084000000,0x0000000086680da8,0x0000000087f00000)
 Metaspace       used 22752K, capacity 23102K, committed 23296K, reserved 1071104K
  class space    used 1700K, capacity 1777K, committed 1792K, reserved 1048576K
}
Event: 169.169 GC heap before
{Heap before GC invocations=103 (full 7):
 PSYoungGen      total 374272K, used 369472K [0x00000000d6b00000, 0x00000000f2280000, 0x0000000100000000)
  eden space 337920K, 100% used [0x00000000d6b00000,0x00000000eb500000,0x00000000eb500000)
  from space 36352K, 86% used [0x00000000eb500000,0x00000000ed3d0030,0x00000000ed880000)
  to   space 38400K, 0% used [0x00000000efd00000,0x00000000efd00000,0x00000000f2280000)
 ParOldGen       total 64512K, used 39427K [0x0000000084000000, 0x0000000087f00000, 0x00000000d6b00000)
  object space 64512K, 61% used [0x0000000084000000,0x0000000086680da8,0x0000000087f00000)
 Metaspace       used 22752K, capacity 23102K, committed 23296K, reserved 1071104K
  class space    used 1700K, capacity 1777K, committed 1792K, reserved 1048576K
Event: 169.313 GC heap after
Heap after GC invocations=103 (full 7):
 PSYoungGen      total 409600K, used 31456K [0x00000000d6b00000, 0x00000000f2680000, 0x0000000100000000)
  eden space 371200K, 0% used [0x00000000d6b00000,0x00000000d6b00000,0x00000000ed580000)
  from space 38400K, 81% used [0x00000000efd00000,0x00000000f1bb8010,0x00000000f2280000)
  to   space 40448K, 0% used [0x00000000ed580000,0x00000000ed580000,0x00000000efd00000)
 ParOldGen       total 64512K, used 39611K [0x0000000084000000, 0x0000000087f00000, 0x00000000d6b00000)
  object space 64512K, 61% used [0x0000000084000000,0x00000000866aeda8,0x0000000087f00000)
 Metaspace       used 22752K, capacity 23102K, committed 23296K, reserved 1071104K
  class space    used 1700K, capacity 1777K, committed 1792K, reserved 1048576K
}
Event: 172.214 GC heap before
{Heap before GC invocations=104 (full 7):
 PSYoungGen      total 409600K, used 221433K [0x00000000d6b00000, 0x00000000f2680000, 0x0000000100000000)
  eden space 371200K, 51% used [0x00000000d6b00000,0x00000000e24865b8,0x00000000ed580000)
  from space 38400K, 81% used [0x00000000efd00000,0x00000000f1bb8010,0x00000000f2280000)
  to   space 40448K, 0% used [0x00000000ed580000,0x00000000ed580000,0x00000000efd00000)
 ParOldGen       total 64512K, used 39611K [0x0000000084000000, 0x0000000087f00000, 0x00000000d6b00000)
  object space 64512K, 61% used [0x0000000084000000,0x00000000866aeda8,0x0000000087f00000)
 Metaspace       used 22764K, capacity 23232K, committed 23296K, reserved 1071104K
  class space    used 1700K, capacity 1778K, committed 1792K, reserved 1048576K
Event: 172.299 GC heap after
Heap after GC invocations=104 (full 7):
 PSYoungGen      total 411648K, used 18928K [0x00000000d6b00000, 0x00000000f4880000, 0x0000000100000000)
  eden space 371200K, 0% used [0x00000000d6b00000,0x00000000d6b00000,0x00000000ed580000)
  from space 40448K, 46% used [0x00000000ed580000,0x00000000ee7fc040,0x00000000efd00000)
  to   space 39424K, 0% used [0x00000000f2200000,0x00000000f2200000,0x00000000f4880000)
 ParOldGen       total 64512K, used 39611K [0x0000000084000000, 0x0000000087f00000, 0x00000000d6b00000)
  object space 64512K, 61% used [0x0000000084000000,0x00000000866aeda8,0x0000000087f00000)
 Metaspace       used 22764K, capacity 23232K, committed 23296K, reserved 1071104K
  class space    used 1700K, capacity 1778K, committed 1792K, reserved 1048576K
}
Event: 172.299 GC heap before
{Heap before GC invocations=105 (full 8):
 PSYoungGen      total 411648K, used 18928K [0x00000000d6b00000, 0x00000000f4880000, 0x0000000100000000)
  eden space 371200K, 0% used [0x00000000d6b00000,0x00000000d6b00000,0x00000000ed580000)
  from space 40448K, 46% used [0x00000000ed580000,0x00000000ee7fc040,0x00000000efd00000)
  to   space 39424K, 0% used [0x00000000f2200000,0x00000000f2200000,0x00000000f4880000)
 ParOldGen       total 64512K, used 39611K [0x0000000084000000, 0x0000000087f00000, 0x00000000d6b00000)
  object space 64512K, 61% used [0x0000000084000000,0x00000000866aeda8,0x0000000087f00000)
 Metaspace       used 22764K, capacity 23232K, committed 23296K, reserved 1071104K
  class space    used 1700K, capacity 1778K, committed 1792K, reserved 1048576K
Event: 172.409 GC heap after
Heap after GC invocations=105 (full 8):
 PSYoungGen      total 411648K, used 0K [0x00000000d6b00000, 0x00000000f4880000, 0x0000000100000000)
  eden space 371200K, 0% used [0x00000000d6b00000,0x00000000d6b00000,0x00000000ed580000)
  from space 40448K, 0% used [0x00000000ed580000,0x00000000ed580000,0x00000000efd00000)
  to   space 39424K, 0% used [0x00000000f2200000,0x00000000f2200000,0x00000000f4880000)
 ParOldGen       total 40448K, used 25139K [0x0000000084000000, 0x0000000086780000, 0x00000000d6b00000)
  object space 40448K, 62% used [0x0000000084000000,0x000000008588cc70,0x0000000086780000)
 Metaspace       used 22764K, capacity 23232K, committed 23296K, reserved 1071104K
  class space    used 1700K, capacity 1778K, committed 1792K, reserved 1048576K
}

Deoptimization events (10 events):
Event: 29.983 Thread 0x00007fcdd800c000 Uncommon trap: reason=bimorphic action=maybe_recompile pc=0x00007fcdc8cd96cc method=java.util.stream.ReferencePipeline$3$1.accept(Ljava/lang/Object;)V @ 17
Event: 58.614 Thread 0x00007fcdd800c000 Uncommon trap: reason=class_check action=maybe_recompile pc=0x00007fcdc8da2ce8 method=delma.graph.visualisation.Pool.update()V @ 14
Event: 58.623 Thread 0x00007fcdd800c000 Uncommon trap: reason=class_check action=maybe_recompile pc=0x00007fcdc8da2ce8 method=delma.graph.visualisation.Pool.update()V @ 14
Event: 58.627 Thread 0x00007fcdd800c000 Uncommon trap: reason=class_check action=maybe_recompile pc=0x00007fcdc8da2ce8 method=delma.graph.visualisation.Pool.update()V @ 14
Event: 58.634 Thread 0x00007fcdd800c000 Uncommon trap: reason=class_check action=maybe_recompile pc=0x00007fcdc8da2ce8 method=delma.graph.visualisation.Pool.update()V @ 14
Event: 171.844 Thread 0x00007fcdd800c000 Uncommon trap: reason=unreached action=reinterpret pc=0x00007fcdc8c8f6b4 method=java.util.HashMap.removeNode(ILjava/lang/Object;Ljava/lang/Object;ZZ)Ljava/util/HashMap$Node; @ 7
Event: 171.860 Thread 0x00007fcdd897f000 Uncommon trap: reason=class_check action=maybe_recompile pc=0x00007fcdc8babd4c method=java.util.concurrent.locks.AbstractQueuedSynchronizer.release(I)Z @ 2
Event: 171.916 Thread 0x00007fcdd812f000 Uncommon trap: reason=unreached action=reinterpret pc=0x00007fcdc8da6fd8 method=org.netbeans.lib.profiler.server.Monitors$ThreadDataTable.getPosIndex(Ljava/lang/Thread;)I @ 20
Event: 171.973 Thread 0x00007fcdd897f000 Uncommon trap: reason=class_check action=maybe_recompile pc=0x00007fcdc8babd4c method=java.util.concurrent.locks.AbstractQueuedSynchronizer.release(I)Z @ 2
Event: 172.409 Thread 0x00007fcdd807b800 Uncommon trap: reason=unreached action=reinterpret pc=0x00007fcdc8d77810 method=java.lang.ref.Reference$ReferenceHandler.run()V @ 68

Internal exceptions (10 events):
Event: 26.091 Thread 0x00007fcdd800c000 Exception <a 'java/security/PrivilegedActionException'> (0x00000000d6f6f968) thrown at [/HUDSON/workspace/8-2-build-linux-amd64/jdk8/2238/hotspot/src/share/vm/prims/jvm.cpp, line 1248]
Event: 26.318 Thread 0x00007fcdd800c000 Exception <a 'java/security/PrivilegedActionException'> (0x00000000d723d000) thrown at [/HUDSON/workspace/8-2-build-linux-amd64/jdk8/2238/hotspot/src/share/vm/prims/jvm.cpp, line 1248]
Event: 26.537 Thread 0x00007fcdd800c000 Implicit null exception at 0x00007fcdc8bae3f3 to 0x00007fcdc8bae7a1
Event: 28.258 Thread 0x00007fcdd807b800 Implicit null exception at 0x00007fcdc8c8c42c to 0x00007fcdc8c8cb45
Event: 28.335 Thread 0x00007fcdd800c000 Exception <a 'java/security/PrivilegedActionException'> (0x00000000d6eb0e00) thrown at [/HUDSON/workspace/8-2-build-linux-amd64/jdk8/2238/hotspot/src/share/vm/prims/jvm.cpp, line 1248]
Event: 29.088 Thread 0x00007fcdd800c000 Exception <a 'java/security/PrivilegedActionException'> (0x00000000d6f0afa0) thrown at [/HUDSON/workspace/8-2-build-linux-amd64/jdk8/2238/hotspot/src/share/vm/prims/jvm.cpp, line 1248]
Event: 30.516 Thread 0x00007fcdd800c000 Exception <a 'java/security/PrivilegedActionException'> (0x00000000d72324f0) thrown at [/HUDSON/workspace/8-2-build-linux-amd64/jdk8/2238/hotspot/src/share/vm/prims/jvm.cpp, line 1248]
Event: 171.790 Thread 0x00007fcdd800c000 Exception <a 'java/security/PrivilegedActionException'> (0x00000000e1f7ae70) thrown at [/HUDSON/workspace/8-2-build-linux-amd64/jdk8/2238/hotspot/src/share/vm/prims/jvm.cpp, line 1248]
Event: 171.844 Thread 0x00007fcdd800c000 Implicit null exception at 0x00007fcdc8c8f1e7 to 0x00007fcdc8c8f689
Event: 171.847 Thread 0x00007fcdd800c000 Exception <a 'java/security/PrivilegedActionException'> (0x00000000e1f7fc40) thrown at [/HUDSON/workspace/8-2-build-linux-amd64/jdk8/2238/hotspot/src/share/vm/prims/jvm.cpp, line 1248]

Events (10 events):
Event: 172.420 Executing VM operation: RevokeBias
Event: 172.420 Executing VM operation: RevokeBias done
Event: 172.421 Executing VM operation: RevokeBias
Event: 172.421 Executing VM operation: RevokeBias done
Event: 172.421 Executing VM operation: RevokeBias
Event: 172.421 Executing VM operation: RevokeBias done
Event: 172.426 Thread 0x00007fcdd807b800 DEOPT PACKING pc=0x00007fcdc8df2327 sp=0x00007fcdc1c46730
Event: 172.426 Thread 0x00007fcdd807b800 DEOPT UNPACKING pc=0x00007fcdc880b41a sp=0x00007fcdc1c46490 mode 0
Event: 173.118 loading class org/netbeans/lib/profiler/wireprotocol/GetMethodNamesForJMethodIdsCommand
Event: 173.118 loading class org/netbeans/lib/profiler/wireprotocol/GetMethodNamesForJMethodIdsCommand done


Dynamic libraries:
00400000-00401000 r-xp 00000000 00:15 95248164114                        /home/tktl-csfs/fs2/home/aopkarja/jdk1.8.0/bin/java
00600000-00601000 rw-p 00000000 00:15 95248164114                        /home/tktl-csfs/fs2/home/aopkarja/jdk1.8.0/bin/java
00e39000-00e5a000 rw-p 00000000 00:00 0                                  [heap]
84000000-86780000 rw-p 00000000 00:00 0 
86780000-d6b00000 ---p 00000000 00:00 0 
d6b00000-f4880000 rw-p 00000000 00:00 0 
f4880000-100000000 ---p 00000000 00:00 0 
100000000-1001c0000 rw-p 00000000 00:00 0 
1001c0000-140000000 ---p 00000000 00:00 0 
7fcd54000000-7fcd54021000 rw-p 00000000 00:00 0 
7fcd54021000-7fcd58000000 ---p 00000000 00:00 0 
7fcd5c000000-7fcd5c021000 rw-p 00000000 00:00 0 
7fcd5c021000-7fcd60000000 ---p 00000000 00:00 0 
7fcd60000000-7fcd60021000 rw-p 00000000 00:00 0 
7fcd60021000-7fcd64000000 ---p 00000000 00:00 0 
7fcd64000000-7fcd64021000 rw-p 00000000 00:00 0 
7fcd64021000-7fcd68000000 ---p 00000000 00:00 0 
7fcd68000000-7fcd68025000 rw-p 00000000 00:00 0 
7fcd68025000-7fcd6c000000 ---p 00000000 00:00 0 
7fcd6c000000-7fcd6c021000 rw-p 00000000 00:00 0 
7fcd6c021000-7fcd70000000 ---p 00000000 00:00 0 
7fcd70000000-7fcd70021000 rw-p 00000000 00:00 0 
7fcd70021000-7fcd74000000 ---p 00000000 00:00 0 
7fcd74000000-7fcd74571000 rw-p 00000000 00:00 0 
7fcd74571000-7fcd78000000 ---p 00000000 00:00 0 
7fcd78000000-7fcd782dc000 rw-p 00000000 00:00 0 
7fcd782dc000-7fcd7c000000 ---p 00000000 00:00 0 
7fcd7c000000-7fcd7c2cf000 rw-p 00000000 00:00 0 
7fcd7c2cf000-7fcd80000000 ---p 00000000 00:00 0 
7fcd80000000-7fcd80841000 rw-p 00000000 00:00 0 
7fcd80841000-7fcd84000000 ---p 00000000 00:00 0 
7fcd84000000-7fcd84021000 rw-p 00000000 00:00 0 
7fcd84021000-7fcd88000000 ---p 00000000 00:00 0 
7fcd88000000-7fcd88021000 rw-p 00000000 00:00 0 
7fcd88021000-7fcd8c000000 ---p 00000000 00:00 0 
7fcd8c000000-7fcd8c30c000 rw-p 00000000 00:00 0 
7fcd8c30c000-7fcd90000000 ---p 00000000 00:00 0 
7fcd90000000-7fcd90021000 rw-p 00000000 00:00 0 
7fcd90021000-7fcd94000000 ---p 00000000 00:00 0 
7fcd94000000-7fcd94021000 rw-p 00000000 00:00 0 
7fcd94021000-7fcd98000000 ---p 00000000 00:00 0 
7fcd98000000-7fcd98021000 rw-p 00000000 00:00 0 
7fcd98021000-7fcd9c000000 ---p 00000000 00:00 0 
7fcd9c000000-7fcd9c092000 rw-p 00000000 00:00 0 
7fcd9c092000-7fcda0000000 ---p 00000000 00:00 0 
7fcda0000000-7fcda0021000 rw-p 00000000 00:00 0 
7fcda0021000-7fcda4000000 ---p 00000000 00:00 0 
7fcda4000000-7fcda4263000 rw-p 00000000 00:00 0 
7fcda4263000-7fcda8000000 ---p 00000000 00:00 0 
7fcdac000000-7fcdac309000 rw-p 00000000 00:00 0 
7fcdac309000-7fcdb0000000 ---p 00000000 00:00 0 
7fcdb02b6000-7fcdb02b9000 ---p 00000000 00:00 0 
7fcdb02b9000-7fcdb03b7000 rw-p 00000000 00:00 0 
7fcdb03b7000-7fcdb03ba000 ---p 00000000 00:00 0 
7fcdb03ba000-7fcdb04b8000 rw-p 00000000 00:00 0 
7fcdb0ad3000-7fcdb0bd3000 rw-p 00000000 00:00 0 
7fcdb0bd3000-7fcdb0cd3000 ---p 00000000 00:00 0 
7fcdb0cd3000-7fcdb13d3000 rw-s 0308e000 00:05 12301                      /dev/ati/card0
7fcdb13d3000-7fcdb13d5000 r-xp 00000000 08:04 273309                     /usr/lib/x86_64-linux-gnu/libXinerama.so.1.0.0
7fcdb13d5000-7fcdb15d4000 ---p 00002000 08:04 273309                     /usr/lib/x86_64-linux-gnu/libXinerama.so.1.0.0
7fcdb15d4000-7fcdb15d5000 r--p 00001000 08:04 273309                     /usr/lib/x86_64-linux-gnu/libXinerama.so.1.0.0
7fcdb15d5000-7fcdb15d6000 rw-p 00002000 08:04 273309                     /usr/lib/x86_64-linux-gnu/libXinerama.so.1.0.0
7fcdb15d6000-7fcdb15eb000 r-xp 00000000 08:04 1061139                    /lib/x86_64-linux-gnu/libgcc_s.so.1
7fcdb15eb000-7fcdb17ea000 ---p 00015000 08:04 1061139                    /lib/x86_64-linux-gnu/libgcc_s.so.1
7fcdb17ea000-7fcdb17eb000 r--p 00014000 08:04 1061139                    /lib/x86_64-linux-gnu/libgcc_s.so.1
7fcdb17eb000-7fcdb17ec000 rw-p 00015000 08:04 1061139                    /lib/x86_64-linux-gnu/libgcc_s.so.1
7fcdb17ec000-7fcdb18d2000 r-xp 00000000 08:04 294137                     /usr/lib/x86_64-linux-gnu/libstdc++.so.6.0.18
7fcdb18d2000-7fcdb1ad1000 ---p 000e6000 08:04 294137                     /usr/lib/x86_64-linux-gnu/libstdc++.so.6.0.18
7fcdb1ad1000-7fcdb1ad9000 r--p 000e5000 08:04 294137                     /usr/lib/x86_64-linux-gnu/libstdc++.so.6.0.18
7fcdb1ad9000-7fcdb1adb000 rw-p 000ed000 08:04 294137                     /usr/lib/x86_64-linux-gnu/libstdc++.so.6.0.18
7fcdb1adb000-7fcdb1af0000 rw-p 00000000 00:00 0 
7fcdb1af0000-7fcdb1b90000 r-xp 00000000 08:04 806815                     /usr/lib/fglrx/libatiadlxx.so
7fcdb1b90000-7fcdb1c90000 ---p 000a0000 08:04 806815                     /usr/lib/fglrx/libatiadlxx.so
7fcdb1c90000-7fcdb1c93000 rw-p 000a0000 08:04 806815                     /usr/lib/fglrx/libatiadlxx.so
7fcdb1c93000-7fcdb1ca3000 rw-p 00000000 00:00 0 
7fcdb1ca3000-7fcdb3c46000 r-xp 00000000 08:04 799474                     /usr/lib/fglrx/dri/fglrx_dri.so
7fcdb3c46000-7fcdb3d46000 ---p 01fa3000 08:04 799474                     /usr/lib/fglrx/dri/fglrx_dri.so
7fcdb3d46000-7fcdb3ed4000 rwxp 01fa3000 08:04 799474                     /usr/lib/fglrx/dri/fglrx_dri.so
7fcdb3ed4000-7fcdb4000000 rwxp 00000000 00:00 0 
7fcdb4000000-7fcdb429e000 rw-p 00000000 00:00 0 
7fcdb429e000-7fcdb8000000 ---p 00000000 00:00 0 
7fcdb807d000-7fcdb8080000 ---p 00000000 00:00 0 
7fcdb8080000-7fcdb817e000 rw-p 00000000 00:00 0 
7fcdb817e000-7fcdb818d000 r-xp 00000000 08:04 799473                     /usr/lib/fglrx/libatiuki.so.1.0
7fcdb818d000-7fcdb828d000 ---p 0000f000 08:04 799473                     /usr/lib/fglrx/libatiuki.so.1.0
7fcdb828d000-7fcdb829a000 rw-p 0000f000 08:04 799473                     /usr/lib/fglrx/libatiuki.so.1.0
7fcdb829a000-7fcdb829b000 rw-p 00000000 00:00 0 
7fcdb829b000-7fcdb8335000 r-xp 00000000 08:04 799476                     /usr/lib/fglrx/libGL.so.1.2
7fcdb8335000-7fcdb8435000 ---p 0009a000 08:04 799476                     /usr/lib/fglrx/libGL.so.1.2
7fcdb8435000-7fcdb845d000 rwxp 0009a000 08:04 799476                     /usr/lib/fglrx/libGL.so.1.2
7fcdb845d000-7fcdb847a000 rwxp 00000000 00:00 0 
7fcdb847a000-7fcdb847e000 r-xp 00000000 08:04 276741                     /usr/lib/x86_64-linux-gnu/libXxf86vm.so.1.0.0
7fcdb847e000-7fcdb867d000 ---p 00004000 08:04 276741                     /usr/lib/x86_64-linux-gnu/libXxf86vm.so.1.0.0
7fcdb867d000-7fcdb867e000 r--p 00003000 08:04 276741                     /usr/lib/x86_64-linux-gnu/libXxf86vm.so.1.0.0
7fcdb867e000-7fcdb867f000 rw-p 00004000 08:04 276741                     /usr/lib/x86_64-linux-gnu/libXxf86vm.so.1.0.0
7fcdb867f000-7fcdb8686000 r-xp 00000000 08:04 273313                     /usr/lib/x86_64-linux-gnu/libXrandr.so.2.2.0
7fcdb8686000-7fcdb8885000 ---p 00007000 08:04 273313                     /usr/lib/x86_64-linux-gnu/libXrandr.so.2.2.0
7fcdb8885000-7fcdb8886000 r--p 00006000 08:04 273313                     /usr/lib/x86_64-linux-gnu/libXrandr.so.2.2.0
7fcdb8886000-7fcdb8887000 rw-p 00007000 08:04 273313                     /usr/lib/x86_64-linux-gnu/libXrandr.so.2.2.0
7fcdb8887000-7fcdb88f3000 r-xp 00000000 00:15 95255961176                /home/tktl-csfs/fs2/home/aopkarja/git/graph-visualisation-3d/graph-visualisation-3d/target/natives/liblwjgl64.so
7fcdb88f3000-7fcdb8af2000 ---p 0006c000 00:15 95255961176                /home/tktl-csfs/fs2/home/aopkarja/git/graph-visualisation-3d/graph-visualisation-3d/target/natives/liblwjgl64.so
7fcdb8af2000-7fcdb8af4000 r--p 0006b000 00:15 95255961176                /home/tktl-csfs/fs2/home/aopkarja/git/graph-visualisation-3d/graph-visualisation-3d/target/natives/liblwjgl64.so
7fcdb8af4000-7fcdb8af5000 rw-p 0006d000 00:15 95255961176                /home/tktl-csfs/fs2/home/aopkarja/git/graph-visualisation-3d/graph-visualisation-3d/target/natives/liblwjgl64.so
7fcdb8af5000-7fcdb8af6000 r-xp 00000000 00:15 95248165527                /home/tktl-csfs/fs2/home/aopkarja/jdk1.8.0/jre/lib/amd64/libjawt.so
7fcdb8af6000-7fcdb8cf5000 ---p 00001000 00:15 95248165527                /home/tktl-csfs/fs2/home/aopkarja/jdk1.8.0/jre/lib/amd64/libjawt.so
7fcdb8cf5000-7fcdb8cf6000 rw-p 00000000 00:15 95248165527                /home/tktl-csfs/fs2/home/aopkarja/jdk1.8.0/jre/lib/amd64/libjawt.so
7fcdb8cf6000-7fcdb8cf9000 ---p 00000000 00:00 0 
7fcdb8cf9000-7fcdb8df7000 rw-p 00000000 00:00 0 
7fcdb8df7000-7fcdb8dfc000 r-xp 00000000 08:04 273769                     /usr/lib/x86_64-linux-gnu/libXfixes.so.3.1.0
7fcdb8dfc000-7fcdb8ffb000 ---p 00005000 08:04 273769                     /usr/lib/x86_64-linux-gnu/libXfixes.so.3.1.0
7fcdb8ffb000-7fcdb8ffc000 r--p 00004000 08:04 273769                     /usr/lib/x86_64-linux-gnu/libXfixes.so.3.1.0
7fcdb8ffc000-7fcdb8ffd000 rw-p 00005000 08:04 273769                     /usr/lib/x86_64-linux-gnu/libXfixes.so.3.1.0
7fcdb8ffd000-7fcdb9006000 r-xp 00000000 08:04 273297                     /usr/lib/x86_64-linux-gnu/libXcursor.so.1.0.2
7fcdb9006000-7fcdb9205000 ---p 00009000 08:04 273297                     /usr/lib/x86_64-linux-gnu/libXcursor.so.1.0.2
7fcdb9205000-7fcdb9206000 r--p 00008000 08:04 273297                     /usr/lib/x86_64-linux-gnu/libXcursor.so.1.0.2
7fcdb9206000-7fcdb9207000 rw-p 00009000 08:04 273297                     /usr/lib/x86_64-linux-gnu/libXcursor.so.1.0.2
7fcdb9207000-7fcdb920a000 ---p 00000000 00:00 0 
7fcdb920a000-7fcdb9308000 rw-p 00000000 00:00 0 
7fcdb9308000-7fcdb930d000 r-xp 00000000 08:04 267869                     /usr/lib/x86_64-linux-gnu/libXdmcp.so.6.0.0
7fcdb930d000-7fcdb950c000 ---p 00005000 08:04 267869                     /usr/lib/x86_64-linux-gnu/libXdmcp.so.6.0.0
7fcdb950c000-7fcdb950d000 r--p 00004000 08:04 267869                     /usr/lib/x86_64-linux-gnu/libXdmcp.so.6.0.0
7fcdb950d000-7fcdb950e000 rw-p 00005000 08:04 267869                     /usr/lib/x86_64-linux-gnu/libXdmcp.so.6.0.0
7fcdb950e000-7fcdb9510000 r-xp 00000000 08:04 267867                     /usr/lib/x86_64-linux-gnu/libXau.so.6.0.0
7fcdb9510000-7fcdb970f000 ---p 00002000 08:04 267867                     /usr/lib/x86_64-linux-gnu/libXau.so.6.0.0
7fcdb970f000-7fcdb9710000 r--p 00001000 08:04 267867                     /usr/lib/x86_64-linux-gnu/libXau.so.6.0.0
7fcdb9710000-7fcdb9711000 rw-p 00002000 08:04 267867                     /usr/lib/x86_64-linux-gnu/libXau.so.6.0.0
7fcdb9711000-7fcdb972e000 r-xp 00000000 08:04 267871                     /usr/lib/x86_64-linux-gnu/libxcb.so.1.1.0
7fcdb972e000-7fcdb992d000 ---p 0001d000 08:04 267871                     /usr/lib/x86_64-linux-gnu/libxcb.so.1.1.0
7fcdb992d000-7fcdb992e000 r--p 0001c000 08:04 267871                     /usr/lib/x86_64-linux-gnu/libxcb.so.1.1.0
7fcdb992e000-7fcdb992f000 rw-p 0001d000 08:04 267871                     /usr/lib/x86_64-linux-gnu/libxcb.so.1.1.0
7fcdb992f000-7fcdb993e000 r-xp 00000000 08:04 306480                     /usr/lib/x86_64-linux-gnu/libXi.so.6.1.0
7fcdb993e000-7fcdb9b3d000 ---p 0000f000 08:04 306480                     /usr/lib/x86_64-linux-gnu/libXi.so.6.1.0
7fcdb9b3d000-7fcdb9b3e000 r--p 0000e000 08:04 306480                     /usr/lib/x86_64-linux-gnu/libXi.so.6.1.0
7fcdb9b3e000-7fcdb9b3f000 rw-p 0000f000 08:04 306480                     /usr/lib/x86_64-linux-gnu/libXi.so.6.1.0
7fcdb9b3f000-7fcdb9b44000 r-xp 00000000 08:04 273652                     /usr/lib/x86_64-linux-gnu/libXtst.so.6.1.0
7fcdb9b44000-7fcdb9d43000 ---p 00005000 08:04 273652                     /usr/lib/x86_64-linux-gnu/libXtst.so.6.1.0
7fcdb9d43000-7fcdb9d44000 r--p 00004000 08:04 273652                     /usr/lib/x86_64-linux-gnu/libXtst.so.6.1.0
7fcdb9d44000-7fcdb9d45000 rw-p 00005000 08:04 273652                     /usr/lib/x86_64-linux-gnu/libXtst.so.6.1.0
7fcdb9d45000-7fcdb9d4e000 r-xp 00000000 08:04 273107                     /usr/lib/x86_64-linux-gnu/libXrender.so.1.3.0
7fcdb9d4e000-7fcdb9f4d000 ---p 00009000 08:04 273107                     /usr/lib/x86_64-linux-gnu/libXrender.so.1.3.0
7fcdb9f4d000-7fcdb9f4e000 r--p 00008000 08:04 273107                     /usr/lib/x86_64-linux-gnu/libXrender.so.1.3.0
7fcdb9f4e000-7fcdb9f4f000 rw-p 00009000 08:04 273107                     /usr/lib/x86_64-linux-gnu/libXrender.so.1.3.0
7fcdb9f4f000-7fcdba07f000 r-xp 00000000 08:04 268676                     /usr/lib/x86_64-linux-gnu/libX11.so.6.3.0
7fcdba07f000-7fcdba27f000 ---p 00130000 08:04 268676                     /usr/lib/x86_64-linux-gnu/libX11.so.6.3.0
7fcdba27f000-7fcdba280000 r--p 00130000 08:04 268676                     /usr/lib/x86_64-linux-gnu/libX11.so.6.3.0
7fcdba280000-7fcdba284000 rw-p 00131000 08:04 268676                     /usr/lib/x86_64-linux-gnu/libX11.so.6.3.0
7fcdba284000-7fcdba294000 r-xp 00000000 08:04 268678                     /usr/lib/x86_64-linux-gnu/libXext.so.6.4.0
7fcdba294000-7fcdba493000 ---p 00010000 08:04 268678                     /usr/lib/x86_64-linux-gnu/libXext.so.6.4.0
7fcdba493000-7fcdba494000 r--p 0000f000 08:04 268678                     /usr/lib/x86_64-linux-gnu/libXext.so.6.4.0
7fcdba494000-7fcdba495000 rw-p 00010000 08:04 268678                     /usr/lib/x86_64-linux-gnu/libXext.so.6.4.0
7fcdba495000-7fcdba4e6000 r-xp 00000000 00:15 95248165540                /home/tktl-csfs/fs2/home/aopkarja/jdk1.8.0/jre/lib/amd64/libawt_xawt.so
7fcdba4e6000-7fcdba6e5000 ---p 00051000 00:15 95248165540                /home/tktl-csfs/fs2/home/aopkarja/jdk1.8.0/jre/lib/amd64/libawt_xawt.so
7fcdba6e5000-7fcdba6e9000 rw-p 00050000 00:15 95248165540                /home/tktl-csfs/fs2/home/aopkarja/jdk1.8.0/jre/lib/amd64/libawt_xawt.so
7fcdba6e9000-7fcdba6ea000 rw-p 00000000 00:00 0 
7fcdba6ea000-7fcdba78d000 r-xp 00000000 00:15 95248165526                /home/tktl-csfs/fs2/home/aopkarja/jdk1.8.0/jre/lib/amd64/libawt.so
7fcdba78d000-7fcdba98c000 ---p 000a3000 00:15 95248165526                /home/tktl-csfs/fs2/home/aopkarja/jdk1.8.0/jre/lib/amd64/libawt.so
7fcdba98c000-7fcdba998000 rw-p 000a2000 00:15 95248165526                /home/tktl-csfs/fs2/home/aopkarja/jdk1.8.0/jre/lib/amd64/libawt.so
7fcdba998000-7fcdbabbc000 rw-p 00000000 00:00 0 
7fcdbabbc000-7fcdbadbc000 rw-p 00000000 00:00 0 
7fcdbadbc000-7fcdbafbc000 rw-p 00000000 00:00 0 
7fcdbafbc000-7fcdbafbd000 ---p 00000000 00:00 0 
7fcdbafbd000-7fcdbb0bd000 rw-p 00000000 00:00 0 
7fcdbb0bd000-7fcdbb0c0000 ---p 00000000 00:00 0 
7fcdbb0c0000-7fcdbb3be000 rw-p 00000000 00:00 0 
7fcdbb3be000-7fcdbb5be000 rw-p 00000000 00:00 0 
7fcdbb5be000-7fcdbb7be000 rw-p 00000000 00:00 0 
7fcdbb7be000-7fcdbb7c1000 ---p 00000000 00:00 0 
7fcdbb7c1000-7fcdbb8bf000 rw-p 00000000 00:00 0 
7fcdbb8bf000-7fcdbb8c2000 ---p 00000000 00:00 0 
7fcdbb8c2000-7fcdbb9c0000 rw-p 00000000 00:00 0 
7fcdbb9c0000-7fcdbb9c3000 ---p 00000000 00:00 0 
7fcdbb9c3000-7fcdbbac1000 rw-p 00000000 00:00 0 
7fcdbbac1000-7fcdbbbe6000 rw-s 00000000 08:04 1180316                    /tmp/jfluidbuf8103598656778245587.tmp
7fcdbbbe6000-7fcdbbbf6000 r-xp 00000000 00:15 95248165536                /home/tktl-csfs/fs2/home/aopkarja/jdk1.8.0/jre/lib/amd64/libnio.so
7fcdbbbf6000-7fcdbbdf6000 ---p 00010000 00:15 95248165536                /home/tktl-csfs/fs2/home/aopkarja/jdk1.8.0/jre/lib/amd64/libnio.so
7fcdbbdf6000-7fcdbbdf7000 rw-p 00010000 00:15 95248165536                /home/tktl-csfs/fs2/home/aopkarja/jdk1.8.0/jre/lib/amd64/libnio.so
7fcdbbdf7000-7fcdbbdff000 r-xp 00000000 00:15 95248165541                /home/tktl-csfs/fs2/home/aopkarja/jdk1.8.0/jre/lib/amd64/libmanagement.so
7fcdbbdff000-7fcdbbfff000 ---p 00008000 00:15 95248165541                /home/tktl-csfs/fs2/home/aopkarja/jdk1.8.0/jre/lib/amd64/libmanagement.so
7fcdbbfff000-7fcdbc000000 rw-p 00008000 00:15 95248165541                /home/tktl-csfs/fs2/home/aopkarja/jdk1.8.0/jre/lib/amd64/libmanagement.so
7fcdbc000000-7fcdbc30e000 rw-p 00000000 00:00 0 
7fcdbc30e000-7fcdc0000000 ---p 00000000 00:00 0 
7fcdc0078000-7fcdc007c000 rw-p 00000000 00:00 0 
7fcdc007c000-7fcdc007f000 ---p 00000000 00:00 0 
7fcdc007f000-7fcdc00b5000 rw-p 00000000 00:00 0 
7fcdc00b5000-7fcdc00b8000 ---p 00000000 00:00 0 
7fcdc00b8000-7fcdc01b6000 rw-p 00000000 00:00 0 
7fcdc01b6000-7fcdc01b9000 ---p 00000000 00:00 0 
7fcdc01b9000-7fcdc02b7000 rw-p 00000000 00:00 0 
7fcdc02b7000-7fcdc02ba000 ---p 00000000 00:00 0 
7fcdc02ba000-7fcdc03b8000 rw-p 00000000 00:00 0 
7fcdc03b8000-7fcdc03ce000 r-xp 00000000 00:15 95248165533                /home/tktl-csfs/fs2/home/aopkarja/jdk1.8.0/jre/lib/amd64/libnet.so
7fcdc03ce000-7fcdc05cd000 ---p 00016000 00:15 95248165533                /home/tktl-csfs/fs2/home/aopkarja/jdk1.8.0/jre/lib/amd64/libnet.so
7fcdc05cd000-7fcdc05ce000 rw-p 00015000 00:15 95248165533                /home/tktl-csfs/fs2/home/aopkarja/jdk1.8.0/jre/lib/amd64/libnet.so
7fcdc05ce000-7fcdc05d1000 ---p 00000000 00:00 0 
7fcdc05d1000-7fcdc06cf000 rw-p 00000000 00:00 0 
7fcdc06cf000-7fcdc06d2000 ---p 00000000 00:00 0 
7fcdc06d2000-7fcdc07d0000 rw-p 00000000 00:00 0 
7fcdc07d0000-7fcdc1a46000 r--p 00000000 08:04 267875                     /usr/lib/locale/locale-archive
7fcdc1a46000-7fcdc1a49000 ---p 00000000 00:00 0 
7fcdc1a49000-7fcdc1b47000 rw-p 00000000 00:00 0 
7fcdc1b47000-7fcdc1b4a000 ---p 00000000 00:00 0 
7fcdc1b4a000-7fcdc1c48000 rw-p 00000000 00:00 0 
7fcdc1c48000-7fcdc1c49000 ---p 00000000 00:00 0 
7fcdc1c49000-7fcdc2cdc000 rw-p 00000000 00:00 0 
7fcdc2cdc000-7fcdc2eb0000 r--s 03c3f000 00:15 95248165377                /home/tktl-csfs/fs2/home/aopkarja/jdk1.8.0/jre/lib/rt.jar
7fcdc2eb0000-7fcdc7989000 rw-p 00000000 00:00 0 
7fcdc7989000-7fcdc798a000 ---p 00000000 00:00 0 
7fcdc798a000-7fcdc7a8a000 rw-p 00000000 00:00 0 
7fcdc7a8a000-7fcdc7a8b000 ---p 00000000 00:00 0 
7fcdc7a8b000-7fcdc7b8b000 rw-p 00000000 00:00 0 
7fcdc7b8b000-7fcdc7b8c000 ---p 00000000 00:00 0 
7fcdc7b8c000-7fcdc7c8c000 rw-p 00000000 00:00 0 
7fcdc7c8c000-7fcdc7c8d000 ---p 00000000 00:00 0 
7fcdc7c8d000-7fcdc7da1000 rw-p 00000000 00:00 0 
7fcdc7da1000-7fcdc8023000 ---p 00000000 00:00 0 
7fcdc8023000-7fcdc8037000 rw-p 00000000 00:00 0 
7fcdc8037000-7fcdc82b8000 ---p 00000000 00:00 0 
7fcdc82b8000-7fcdc83a8000 rw-p 00000000 00:00 0 
7fcdc83a8000-7fcdc8403000 ---p 00000000 00:00 0 
7fcdc8403000-7fcdc841d000 rw-p 00000000 00:00 0 
7fcdc841d000-7fcdc87c4000 ---p 00000000 00:00 0 
7fcdc87c4000-7fcdc8e04000 rwxp 00000000 00:00 0 
7fcdc8e04000-7fcdd77c4000 ---p 00000000 00:00 0 
7fcdd77c4000-7fcdd77e0000 r-xp 00000000 00:15 95248165529                /home/tktl-csfs/fs2/home/aopkarja/jdk1.8.0/jre/lib/amd64/libzip.so
7fcdd77e0000-7fcdd79df000 ---p 0001c000 00:15 95248165529                /home/tktl-csfs/fs2/home/aopkarja/jdk1.8.0/jre/lib/amd64/libzip.so
7fcdd79df000-7fcdd79e0000 rw-p 0001b000 00:15 95248165529                /home/tktl-csfs/fs2/home/aopkarja/jdk1.8.0/jre/lib/amd64/libzip.so
7fcdd79e0000-7fcdd79e6000 r-xp 00000000 08:04 1053369                    /lib/x86_64-linux-gnu/libnss_sss.so.2
7fcdd79e6000-7fcdd7be5000 ---p 00006000 08:04 1053369                    /lib/x86_64-linux-gnu/libnss_sss.so.2
7fcdd7be5000-7fcdd7be6000 r--p 00005000 08:04 1053369                    /lib/x86_64-linux-gnu/libnss_sss.so.2
7fcdd7be6000-7fcdd7be7000 rw-p 00006000 08:04 1053369                    /lib/x86_64-linux-gnu/libnss_sss.so.2
7fcdd7be7000-7fcdd7bf3000 r-xp 00000000 08:04 1053710                    /lib/x86_64-linux-gnu/libnss_files-2.15.so
7fcdd7bf3000-7fcdd7df2000 ---p 0000c000 08:04 1053710                    /lib/x86_64-linux-gnu/libnss_files-2.15.so
7fcdd7df2000-7fcdd7df3000 r--p 0000b000 08:04 1053710                    /lib/x86_64-linux-gnu/libnss_files-2.15.so
7fcdd7df3000-7fcdd7df4000 rw-p 0000c000 08:04 1053710                    /lib/x86_64-linux-gnu/libnss_files-2.15.so
7fcdd7df4000-7fcdd7dfe000 r-xp 00000000 08:04 1053714                    /lib/x86_64-linux-gnu/libnss_nis-2.15.so
7fcdd7dfe000-7fcdd7ffe000 ---p 0000a000 08:04 1053714                    /lib/x86_64-linux-gnu/libnss_nis-2.15.so
7fcdd7ffe000-7fcdd7fff000 r--p 0000a000 08:04 1053714                    /lib/x86_64-linux-gnu/libnss_nis-2.15.so
7fcdd7fff000-7fcdd8000000 rw-p 0000b000 08:04 1053714                    /lib/x86_64-linux-gnu/libnss_nis-2.15.so
7fcdd8000000-7fcdd9578000 rw-p 00000000 00:00 0 
7fcdd9578000-7fcddc000000 ---p 00000000 00:00 0 
7fcddc000000-7fcddc020000 rw-s f7e20000 00:05 12301                      /dev/ati/card0
7fcddc020000-7fcddc027000 r--s 00000000 08:04 271983                     /usr/lib/x86_64-linux-gnu/gconv/gconv-modules.cache
7fcddc027000-7fcddc029000 rw-s 0308a000 00:05 12301                      /dev/ati/card0
7fcddc029000-7fcddc045000 r--s 00393000 00:15 95248165424                /home/tktl-csfs/fs2/home/aopkarja/jdk1.8.0/jre/lib/ext/cldrdata.jar
7fcddc045000-7fcddc076000 rw-p 00000000 00:00 0 
7fcddc076000-7fcddc08d000 r-xp 00000000 08:04 1053726                    /lib/x86_64-linux-gnu/libnsl-2.15.so
7fcddc08d000-7fcddc28c000 ---p 00017000 08:04 1053726                    /lib/x86_64-linux-gnu/libnsl-2.15.so
7fcddc28c000-7fcddc28d000 r--p 00016000 08:04 1053726                    /lib/x86_64-linux-gnu/libnsl-2.15.so
7fcddc28d000-7fcddc28e000 rw-p 00017000 08:04 1053726                    /lib/x86_64-linux-gnu/libnsl-2.15.so
7fcddc28e000-7fcddc290000 rw-p 00000000 00:00 0 
7fcddc290000-7fcddc298000 r-xp 00000000 08:04 1053708                    /lib/x86_64-linux-gnu/libnss_compat-2.15.so
7fcddc298000-7fcddc497000 ---p 00008000 08:04 1053708                    /lib/x86_64-linux-gnu/libnss_compat-2.15.so
7fcddc497000-7fcddc498000 r--p 00007000 08:04 1053708                    /lib/x86_64-linux-gnu/libnss_compat-2.15.so
7fcddc498000-7fcddc499000 rw-p 00008000 08:04 1053708                    /lib/x86_64-linux-gnu/libnss_compat-2.15.so
7fcddc499000-7fcddc4a3000 r-xp 00000000 00:15 95263581601                /home/tktl-csfs/fs2/home/aopkarja/Programs/netbeans/profiler/lib/deployed/jdk16/linux-amd64/libprofilerinterface.so
7fcddc4a3000-7fcddc5a2000 ---p 0000a000 00:15 95263581601                /home/tktl-csfs/fs2/home/aopkarja/Programs/netbeans/profiler/lib/deployed/jdk16/linux-amd64/libprofilerinterface.so
7fcddc5a2000-7fcddc5a3000 rw-p 00009000 00:15 95263581601                /home/tktl-csfs/fs2/home/aopkarja/Programs/netbeans/profiler/lib/deployed/jdk16/linux-amd64/libprofilerinterface.so
7fcddc5a3000-7fcddc5cd000 r-xp 00000000 00:15 95248165524                /home/tktl-csfs/fs2/home/aopkarja/jdk1.8.0/jre/lib/amd64/libjava.so
7fcddc5cd000-7fcddc7cd000 ---p 0002a000 00:15 95248165524                /home/tktl-csfs/fs2/home/aopkarja/jdk1.8.0/jre/lib/amd64/libjava.so
7fcddc7cd000-7fcddc7cf000 rw-p 0002a000 00:15 95248165524                /home/tktl-csfs/fs2/home/aopkarja/jdk1.8.0/jre/lib/amd64/libjava.so
7fcddc7cf000-7fcddc7dc000 r-xp 00000000 00:15 95248165528                /home/tktl-csfs/fs2/home/aopkarja/jdk1.8.0/jre/lib/amd64/libverify.so
7fcddc7dc000-7fcddc9dc000 ---p 0000d000 00:15 95248165528                /home/tktl-csfs/fs2/home/aopkarja/jdk1.8.0/jre/lib/amd64/libverify.so
7fcddc9dc000-7fcddc9de000 rw-p 0000d000 00:15 95248165528                /home/tktl-csfs/fs2/home/aopkarja/jdk1.8.0/jre/lib/amd64/libverify.so
7fcddc9de000-7fcddc9e5000 r-xp 00000000 08:04 1053713                    /lib/x86_64-linux-gnu/librt-2.15.so
7fcddc9e5000-7fcddcbe4000 ---p 00007000 08:04 1053713                    /lib/x86_64-linux-gnu/librt-2.15.so
7fcddcbe4000-7fcddcbe5000 r--p 00006000 08:04 1053713                    /lib/x86_64-linux-gnu/librt-2.15.so
7fcddcbe5000-7fcddcbe6000 rw-p 00007000 08:04 1053713                    /lib/x86_64-linux-gnu/librt-2.15.so
7fcddcbe6000-7fcddcce1000 r-xp 00000000 08:04 1053717                    /lib/x86_64-linux-gnu/libm-2.15.so
7fcddcce1000-7fcddcee0000 ---p 000fb000 08:04 1053717                    /lib/x86_64-linux-gnu/libm-2.15.so
7fcddcee0000-7fcddcee1000 r--p 000fa000 08:04 1053717                    /lib/x86_64-linux-gnu/libm-2.15.so
7fcddcee1000-7fcddcee2000 rw-p 000fb000 08:04 1053717                    /lib/x86_64-linux-gnu/libm-2.15.so
7fcddcee2000-7fcdddafb000 r-xp 00000000 00:15 95248165510                /home/tktl-csfs/fs2/home/aopkarja/jdk1.8.0/jre/lib/amd64/server/libjvm.so
7fcdddafb000-7fcdddcfb000 ---p 00c19000 00:15 95248165510                /home/tktl-csfs/fs2/home/aopkarja/jdk1.8.0/jre/lib/amd64/server/libjvm.so
7fcdddcfb000-7fcddddc4000 rw-p 00c19000 00:15 95248165510                /home/tktl-csfs/fs2/home/aopkarja/jdk1.8.0/jre/lib/amd64/server/libjvm.so
7fcddddc4000-7fcddde05000 rw-p 00000000 00:00 0 
7fcddde05000-7fcdddfba000 r-xp 00000000 08:04 1053706                    /lib/x86_64-linux-gnu/libc-2.15.so
7fcdddfba000-7fcdde1ba000 ---p 001b5000 08:04 1053706                    /lib/x86_64-linux-gnu/libc-2.15.so
7fcdde1ba000-7fcdde1be000 r--p 001b5000 08:04 1053706                    /lib/x86_64-linux-gnu/libc-2.15.so
7fcdde1be000-7fcdde1c0000 rw-p 001b9000 08:04 1053706                    /lib/x86_64-linux-gnu/libc-2.15.so
7fcdde1c0000-7fcdde1c5000 rw-p 00000000 00:00 0 
7fcdde1c5000-7fcdde1c7000 r-xp 00000000 08:04 1053721                    /lib/x86_64-linux-gnu/libdl-2.15.so
7fcdde1c7000-7fcdde3c7000 ---p 00002000 08:04 1053721                    /lib/x86_64-linux-gnu/libdl-2.15.so
7fcdde3c7000-7fcdde3c8000 r--p 00002000 08:04 1053721                    /lib/x86_64-linux-gnu/libdl-2.15.so
7fcdde3c8000-7fcdde3c9000 rw-p 00003000 08:04 1053721                    /lib/x86_64-linux-gnu/libdl-2.15.so
7fcdde3c9000-7fcdde3e0000 r-xp 00000000 00:15 95248165238                /home/tktl-csfs/fs2/home/aopkarja/jdk1.8.0/lib/amd64/jli/libjli.so
7fcdde3e0000-7fcdde5df000 ---p 00017000 00:15 95248165238                /home/tktl-csfs/fs2/home/aopkarja/jdk1.8.0/lib/amd64/jli/libjli.so
7fcdde5df000-7fcdde5e0000 rw-p 00016000 00:15 95248165238                /home/tktl-csfs/fs2/home/aopkarja/jdk1.8.0/lib/amd64/jli/libjli.so
7fcdde5e0000-7fcdde5f8000 r-xp 00000000 08:04 1053715                    /lib/x86_64-linux-gnu/libpthread-2.15.so
7fcdde5f8000-7fcdde7f7000 ---p 00018000 08:04 1053715                    /lib/x86_64-linux-gnu/libpthread-2.15.so
7fcdde7f7000-7fcdde7f8000 r--p 00017000 08:04 1053715                    /lib/x86_64-linux-gnu/libpthread-2.15.so
7fcdde7f8000-7fcdde7f9000 rw-p 00018000 08:04 1053715                    /lib/x86_64-linux-gnu/libpthread-2.15.so
7fcdde7f9000-7fcdde7fd000 rw-p 00000000 00:00 0 
7fcdde7fd000-7fcdde81f000 r-xp 00000000 08:04 1053718                    /lib/x86_64-linux-gnu/ld-2.15.so
7fcdde81f000-7fcdde820000 rw-s 0308d000 00:05 12301                      /dev/ati/card0
7fcdde820000-7fcdde821000 r--p 00000000 08:04 692791                     /usr/share/locale-langpack/en_GB/LC_MESSAGES/libc.mo
7fcdde821000-7fcdde827000 r--s 002f7000 00:15 95248165375                /home/tktl-csfs/fs2/home/aopkarja/jdk1.8.0/jre/lib/charsets.jar
7fcdde827000-7fcdde82c000 r--s 00092000 00:15 95248165421                /home/tktl-csfs/fs2/home/aopkarja/jdk1.8.0/jre/lib/jsse.jar
7fcdde82c000-7fcdde837000 r--s 0021a000 00:15 95248165430                /home/tktl-csfs/fs2/home/aopkarja/jdk1.8.0/jre/lib/ext/localedata.jar
7fcdde837000-7fcdde83b000 r--s 0005f000 00:15 95263581577                /home/tktl-csfs/fs2/home/aopkarja/Programs/netbeans/profiler/lib/jfluid-server.jar
7fcdde83b000-7fcdde84c000 r--s 000f6000 00:15 95491346727                /home/tktl-csfs/fs2/home/aopkarja/.m2/repository/com/fasterxml/jackson/core/jackson-databind/2.4.1/jackson-databind-2.4.1.jar
7fcdde84c000-7fcdde850000 r--s 00034000 00:15 95491346726                /home/tktl-csfs/fs2/home/aopkarja/.m2/repository/com/fasterxml/jackson/core/jackson-core/2.4.1/jackson-core-2.4.1.jar
7fcdde850000-7fcdde853000 r--s 00007000 00:15 95491346725                /home/tktl-csfs/fs2/home/aopkarja/.m2/repository/com/fasterxml/jackson/core/jackson-annotations/2.4.1/jackson-annotations-2.4.1.jar
7fcdde853000-7fcdde857000 r--s 00027000 00:15 95548080189                /home/tktl-csfs/fs2/home/aopkarja/.m2/repository/org/lwjgl/lwjgl/lwjgl_util/2.9.1/lwjgl_util-2.9.1.jar
7fcdde857000-7fcdde858000 r--s 00002000 00:15 95548080779                /home/tktl-csfs/fs2/home/aopkarja/.m2/repository/net/java/jinput/jinput-platform/2.0.5/jinput-platform-2.0.5-natives-osx.jar
7fcdde858000-7fcdde859000 r--s 00025000 00:15 95548080778                /home/tktl-csfs/fs2/home/aopkarja/.m2/repository/net/java/jinput/jinput-platform/2.0.5/jinput-platform-2.0.5-natives-windows.jar
7fcdde859000-7fcdde85a000 r--s 00002000 00:15 95548080776                /home/tktl-csfs/fs2/home/aopkarja/.m2/repository/net/java/jinput/jinput-platform/2.0.5/jinput-platform-2.0.5-natives-linux.jar
7fcdde85a000-7fcdde868000 r--s 000ea000 00:15 95509809563                /home/tktl-csfs/fs2/home/aopkarja/.m2/repository/org/lwjgl/lwjgl/lwjgl/2.9.1/lwjgl-2.9.1.jar
7fcdde868000-7fcdde8d8000 rw-p 00000000 00:00 0 
7fcdde8d8000-7fcdde8db000 ---p 00000000 00:00 0 
7fcdde8db000-7fcdde9dd000 rw-p 00000000 00:00 0 
7fcdde9dd000-7fcdde9de000 r--s 00001000 00:15 95548080774                /home/tktl-csfs/fs2/home/aopkarja/.m2/repository/net/java/jutils/jutils/1.0.0/jutils-1.0.0.jar
7fcdde9de000-7fcdde9e2000 r--s 0002f000 00:15 95548080773                /home/tktl-csfs/fs2/home/aopkarja/.m2/repository/net/java/jinput/jinput/2.0.5/jinput-2.0.5.jar
7fcdde9e2000-7fcdde9e3000 r--s 00080000 00:15 95548080188                /home/tktl-csfs/fs2/home/aopkarja/.m2/repository/org/lwjgl/lwjgl/lwjgl-platform/2.9.1/lwjgl-platform-2.9.1-natives-osx.jar
7fcdde9e3000-7fcdde9e4000 r--s 0008b000 00:15 95548080187                /home/tktl-csfs/fs2/home/aopkarja/.m2/repository/org/lwjgl/lwjgl/lwjgl-platform/2.9.1/lwjgl-platform-2.9.1-natives-linux.jar
7fcdde9e4000-7fcdde9e5000 r--s 00095000 00:15 95548080186                /home/tktl-csfs/fs2/home/aopkarja/.m2/repository/org/lwjgl/lwjgl/lwjgl-platform/2.9.1/lwjgl-platform-2.9.1-natives-windows.jar
7fcdde9e5000-7fcdde9e6000 r--s 00004000 00:15 95263581575                /home/tktl-csfs/fs2/home/aopkarja/Programs/netbeans/profiler/lib/jfluid-server-15.jar
7fcdde9e6000-7fcdde9e7000 r--s 00004000 00:15 95263581575                /home/tktl-csfs/fs2/home/aopkarja/Programs/netbeans/profiler/lib/jfluid-server-15.jar
7fcdde9e7000-7fcdde9eb000 r--s 0005f000 00:15 95263581577                /home/tktl-csfs/fs2/home/aopkarja/Programs/netbeans/profiler/lib/jfluid-server.jar
7fcdde9eb000-7fcddea12000 rw-p 00000000 00:00 0 
7fcddea12000-7fcddea1a000 rw-s 00000000 08:04 1180317                    /tmp/hsperfdata_aopkarja/10201
7fcddea1a000-7fcddea1c000 rw-p 00000000 00:00 0 
7fcddea1c000-7fcddea1d000 ---p 00000000 00:00 0 
7fcddea1d000-7fcddea1f000 rw-p 00000000 00:00 0 
7fcddea1f000-7fcddea20000 r--p 00022000 08:04 1053718                    /lib/x86_64-linux-gnu/ld-2.15.so
7fcddea20000-7fcddea22000 rw-p 00023000 08:04 1053718                    /lib/x86_64-linux-gnu/ld-2.15.so
7fff8b8ba000-7fff8b8db000 rw-p 00000000 00:00 0                          [stack]
7fff8b9ff000-7fff8ba00000 r-xp 00000000 00:00 0                          [vdso]
ffffffffff600000-ffffffffff601000 r-xp 00000000 00:00 0                  [vsyscall]

VM Arguments:
jvm_args: -agentpath:/home/aopkarja/CSFiles/Programs/netbeans/profiler/lib/deployed/jdk16/linux-amd64/libprofilerinterface.so=/home/aopkarja/CSFiles/Programs/netbeans/profiler/lib,5140,10 -XX:+HeapDumpOnOutOfMemoryError -XX:HeapDumpPath=/home/aopkarja/.cache/netbeans/8.0/mavencachedirs/1884397669/org-netbeans-modules-profiler -Djava.library.path=target/natives 
java_command: delma.graph.visualisation.App
java_class_path (initial): /home/tktl-csfs/fs2/home/aopkarja/git/graph-visualisation-3d/graph-visualisation-3d/target/classes:/home/aopkarja/.m2/repository/org/lwjgl/lwjgl/lwjgl/2.9.1/lwjgl-2.9.1.jar:/home/aopkarja/.m2/repository/org/lwjgl/lwjgl/lwjgl-platform/2.9.1/lwjgl-platform-2.9.1-natives-windows.jar:/home/aopkarja/.m2/repository/org/lwjgl/lwjgl/lwjgl-platform/2.9.1/lwjgl-platform-2.9.1-natives-linux.jar:/home/aopkarja/.m2/repository/org/lwjgl/lwjgl/lwjgl-platform/2.9.1/lwjgl-platform-2.9.1-natives-osx.jar:/home/aopkarja/.m2/repository/net/java/jinput/jinput/2.0.5/jinput-2.0.5.jar:/home/aopkarja/.m2/repository/net/java/jutils/jutils/1.0.0/jutils-1.0.0.jar:/home/aopkarja/.m2/repository/net/java/jinput/jinput-platform/2.0.5/jinput-platform-2.0.5-natives-linux.jar:/home/aopkarja/.m2/repository/net/java/jinput/jinput-platform/2.0.5/jinput-platform-2.0.5-natives-windows.jar:/home/aopkarja/.m2/repository/net/java/jinput/jinput-platform/2.0.5/jinput-platform-2.0.5-natives-osx.jar:/home/aopkarja/.m2/repository/org/lwjgl/lwjgl/lwjgl_util/2.9.1/lwjgl_util-2.9.1.jar:/home/aopkarja/.m2/repository/com/fasterxml/jackson/core/jackson-annotations/2.4.1/jackson-annotations-2.4.1.jar:/home/aopkarja/.m2/repository/com/fasterxml/jackson/core/jackson-core/2.4.1/jackson-core-2.4.1.jar:/home/aopkarja/.m2/repository/com/fasterxml/jackson/core/jackson-databind/2.4.1/jackson-databind-2.4.1.jar
Launcher Type: SUN_STANDARD

Environment Variables:
JAVA_HOME=/home/aopkarja/CSFiles/jdk1.8.0
PATH=/home/aopkarja/bin:/usr/lib/lightdm/lightdm:/usr/local/bin:/usr/bin:/bin:/home/aopkarja/bin
LD_LIBRARY_PATH=/home/aopkarja/CSFiles/jdk1.8.0/jre/lib/amd64:/home/aopkarja/CSFiles/jdk1.8.0/jre/lib/i386:
SHELL=/bin/bash
DISPLAY=:0.0

Signal Handlers:
SIGSEGV: [libjvm.so+0xa2fc40], sa_mask[0]=0x7ffbfeff, sa_flags=0x10000004
SIGBUS: [libjvm.so+0xa2fc40], sa_mask[0]=0x7ffbfeff, sa_flags=0x10000004
SIGFPE: [libjvm.so+0x89b440], sa_mask[0]=0x7ffbfeff, sa_flags=0x10000004
SIGPIPE: [libjvm.so+0x89b440], sa_mask[0]=0x7ffbfeff, sa_flags=0x10000004
SIGXFSZ: [libjvm.so+0x89b440], sa_mask[0]=0x7ffbfeff, sa_flags=0x10000004
SIGILL: [libjvm.so+0x89b440], sa_mask[0]=0x7ffbfeff, sa_flags=0x10000004
SIGUSR1: SIG_DFL, sa_mask[0]=0x00000000, sa_flags=0x00000000
SIGUSR2: [libjvm.so+0x89cbe0], sa_mask[0]=0x00000004, sa_flags=0x10000004
SIGHUP: [libjvm.so+0x89de90], sa_mask[0]=0x7ffbfeff, sa_flags=0x10000004
SIGINT: SIG_IGN, sa_mask[0]=0x00000000, sa_flags=0x00000000
SIGTERM: [libjvm.so+0x89de90], sa_mask[0]=0x7ffbfeff, sa_flags=0x10000004
SIGQUIT: [libjvm.so+0x89de90], sa_mask[0]=0x7ffbfeff, sa_flags=0x10000004


---------------  S Y S T E M  ---------------

OS:DISTRIB_ID=Ubuntu
DISTRIB_RELEASE=12.04
DISTRIB_CODENAME=precise
DISTRIB_DESCRIPTION="Ubuntu 12.04.4 LTS"

uname:Linux 3.2.0-67-generic #101-Ubuntu SMP Tue Jul 15 17:46:11 UTC 2014 x86_64
libc:glibc 2.15 NPTL 2.15 
rlimit: STACK 8192k, CORE 0k, NPROC 63262, NOFILE 4096, AS infinity
load average:1.64 1.10 0.82

/proc/meminfo:
MemTotal:        8121956 kB
MemFree:         2952876 kB
Buffers:          195616 kB
Cached:          1334596 kB
SwapCached:            0 kB
Active:          3550468 kB
Inactive:         944932 kB
Active(anon):    2966048 kB
Inactive(anon):    11336 kB
Active(file):     584420 kB
Inactive(file):   933596 kB
Unevictable:           0 kB
Mlocked:               0 kB
SwapTotal:       7812092 kB
SwapFree:        7812092 kB
Dirty:                76 kB
Writeback:             0 kB
AnonPages:       2965212 kB
Mapped:           469712 kB
Shmem:             12196 kB
Slab:             120776 kB
SReclaimable:      81452 kB
SUnreclaim:        39324 kB
KernelStack:        4432 kB
PageTables:        38076 kB
NFS_Unstable:          0 kB
Bounce:                0 kB
WritebackTmp:          0 kB
CommitLimit:    11873068 kB
Committed_AS:    5500020 kB
VmallocTotal:   34359738367 kB
VmallocUsed:      135620 kB
VmallocChunk:   34359600476 kB
HardwareCorrupted:     0 kB
AnonHugePages:         0 kB
HugePages_Total:       0
HugePages_Free:        0
HugePages_Rsvd:        0
HugePages_Surp:        0
Hugepagesize:       2048 kB
DirectMap4k:      573440 kB
DirectMap2M:     7766016 kB


CPU:total 4 (4 cores per cpu, 1 threads per core) family 6 model 58 stepping 9, cmov, cx8, fxsr, mmx, sse, sse2, sse3, ssse3, sse4.1, sse4.2, popcnt, avx, aes, clmul, erms, tsc, tscinvbit

/proc/cpuinfo:
processor	: 0
vendor_id	: GenuineIntel
cpu family	: 6
model		: 58
model name	: Intel(R) Core(TM) i5-3470 CPU @ 3.20GHz
stepping	: 9
microcode	: 0x19
cpu MHz		: 1600.000
cache size	: 6144 KB
physical id	: 0
siblings	: 4
core id		: 0
cpu cores	: 4
apicid		: 0
initial apicid	: 0
fpu		: yes
fpu_exception	: yes
cpuid level	: 13
wp		: yes
flags		: fpu vme de pse tsc msr pae mce cx8 apic sep mtrr pge mca cmov pat pse36 clflush dts acpi mmx fxsr sse sse2 ss ht tm pbe syscall nx rdtscp lm constant_tsc arch_perfmon pebs bts rep_good nopl xtopology nonstop_tsc aperfmperf pni pclmulqdq dtes64 monitor ds_cpl vmx smx est tm2 ssse3 cx16 xtpr pdcm pcid sse4_1 sse4_2 x2apic popcnt tsc_deadline_timer aes xsave avx f16c rdrand lahf_lm ida arat epb xsaveopt pln pts dtherm tpr_shadow vnmi flexpriority ept vpid fsgsbase smep erms
bogomips	: 6385.77
clflush size	: 64
cache_alignment	: 64
address sizes	: 36 bits physical, 48 bits virtual
power management:

processor	: 1
vendor_id	: GenuineIntel
cpu family	: 6
model		: 58
model name	: Intel(R) Core(TM) i5-3470 CPU @ 3.20GHz
stepping	: 9
microcode	: 0x19
cpu MHz		: 1900.000
cache size	: 6144 KB
physical id	: 0
siblings	: 4
core id		: 1
cpu cores	: 4
apicid		: 2
initial apicid	: 2
fpu		: yes
fpu_exception	: yes
cpuid level	: 13
wp		: yes
flags		: fpu vme de pse tsc msr pae mce cx8 apic sep mtrr pge mca cmov pat pse36 clflush dts acpi mmx fxsr sse sse2 ss ht tm pbe syscall nx rdtscp lm constant_tsc arch_perfmon pebs bts rep_good nopl xtopology nonstop_tsc aperfmperf pni pclmulqdq dtes64 monitor ds_cpl vmx smx est tm2 ssse3 cx16 xtpr pdcm pcid sse4_1 sse4_2 x2apic popcnt tsc_deadline_timer aes xsave avx f16c rdrand lahf_lm ida arat epb xsaveopt pln pts dtherm tpr_shadow vnmi flexpriority ept vpid fsgsbase smep erms
bogomips	: 6385.18
clflush size	: 64
cache_alignment	: 64
address sizes	: 36 bits physical, 48 bits virtual
power management:

processor	: 2
vendor_id	: GenuineIntel
cpu family	: 6
model		: 58
model name	: Intel(R) Core(TM) i5-3470 CPU @ 3.20GHz
stepping	: 9
microcode	: 0x19
cpu MHz		: 1600.000
cache size	: 6144 KB
physical id	: 0
siblings	: 4
core id		: 2
cpu cores	: 4
apicid		: 4
initial apicid	: 4
fpu		: yes
fpu_exception	: yes
cpuid level	: 13
wp		: yes
flags		: fpu vme de pse tsc msr pae mce cx8 apic sep mtrr pge mca cmov pat pse36 clflush dts acpi mmx fxsr sse sse2 ss ht tm pbe syscall nx rdtscp lm constant_tsc arch_perfmon pebs bts rep_good nopl xtopology nonstop_tsc aperfmperf pni pclmulqdq dtes64 monitor ds_cpl vmx smx est tm2 ssse3 cx16 xtpr pdcm pcid sse4_1 sse4_2 x2apic popcnt tsc_deadline_timer aes xsave avx f16c rdrand lahf_lm ida arat epb xsaveopt pln pts dtherm tpr_shadow vnmi flexpriority ept vpid fsgsbase smep erms
bogomips	: 6385.19
clflush size	: 64
cache_alignment	: 64
address sizes	: 36 bits physical, 48 bits virtual
power management:

processor	: 3
vendor_id	: GenuineIntel
cpu family	: 6
model		: 58
model name	: Intel(R) Core(TM) i5-3470 CPU @ 3.20GHz
stepping	: 9
microcode	: 0x19
cpu MHz		: 1600.000
cache size	: 6144 KB
physical id	: 0
siblings	: 4
core id		: 3
cpu cores	: 4
apicid		: 6
initial apicid	: 6
fpu		: yes
fpu_exception	: yes
cpuid level	: 13
wp		: yes
flags		: fpu vme de pse tsc msr pae mce cx8 apic sep mtrr pge mca cmov pat pse36 clflush dts acpi mmx fxsr sse sse2 ss ht tm pbe syscall nx rdtscp lm constant_tsc arch_perfmon pebs bts rep_good nopl xtopology nonstop_tsc aperfmperf pni pclmulqdq dtes64 monitor ds_cpl vmx smx est tm2 ssse3 cx16 xtpr pdcm pcid sse4_1 sse4_2 x2apic popcnt tsc_deadline_timer aes xsave avx f16c rdrand lahf_lm ida arat epb xsaveopt pln pts dtherm tpr_shadow vnmi flexpriority ept vpid fsgsbase smep erms
bogomips	: 6385.20
clflush size	: 64
cache_alignment	: 64
address sizes	: 36 bits physical, 48 bits virtual
power management:



Memory: 4k page, physical 8121956k(2953060k free), swap 7812092k(7812092k free)

vm_info: Java HotSpot(TM) 64-Bit Server VM (25.0-b70) for linux-amd64 JRE (1.8.0-b132), built on Mar  4 2014 03:07:25 by "java_re" with gcc 4.3.0 20080428 (Red Hat 4.3.0-8)

time: Tue Aug  5 11:24:17 2014
elapsed time: 178 seconds

